<?xml version="1.0" encoding="UTF-8"?>
<testng-results skipped="0" failed="0" total="2" passed="2">
  <reporter-output>
  </reporter-output>
  <suite name="All" duration-ms="0" started-at="2017-06-15T09:15:23Z" finished-at="2017-06-15T09:15:23Z">
    <groups>
    </groups>
  </suite> <!-- All -->
  <suite name="DemoSuite" duration-ms="99833" started-at="2017-06-15T09:13:43Z" finished-at="2017-06-15T09:15:23Z">
    <groups>
    </groups>
    <test name="DemoTest" duration-ms="99833" started-at="2017-06-15T09:13:43Z" finished-at="2017-06-15T09:15:23Z">
      <class name="com.NateraDemo.scripts.SendMessage">
        <test-method status="PASS" signature="setUp()[pri:0, instance:com.NateraDemo.scripts.SendMessage@204f30ec]" name="setUp" is-config="true" duration-ms="37057" started-at="2017-06-15T14:42:20Z" finished-at="2017-06-15T14:42:57Z">
          <reporter-output>
          </reporter-output>
        </test-method> <!-- setUp -->
        <test-method status="PASS" signature="sendMessage()[pri:0, instance:com.NateraDemo.scripts.SendMessage@204f30ec]" name="sendMessage" duration-ms="44408" started-at="2017-06-15T14:42:57Z" finished-at="2017-06-15T14:43:42Z">
          <reporter-output>
          </reporter-output>
        </test-method> <!-- sendMessage -->
        <test-method status="PASS" signature="tearDown()[pri:0, instance:com.NateraDemo.scripts.SendMessage@204f30ec]" name="tearDown" is-config="true" duration-ms="1050" started-at="2017-06-15T14:43:42Z" finished-at="2017-06-15T14:43:43Z">
          <reporter-output>
          </reporter-output>
        </test-method> <!-- tearDown -->
        <test-method status="PASS" signature="setUp()[pri:0, instance:com.NateraDemo.scripts.SendMessage@204f30ec]" name="setUp" is-config="true" duration-ms="54412" started-at="2017-06-15T14:43:43Z" finished-at="2017-06-15T14:44:37Z">
          <reporter-output>
          </reporter-output>
        </test-method> <!-- setUp -->
        <test-method status="PASS" signature="sendMessage()[pri:0, instance:com.NateraDemo.scripts.SendMessage@204f30ec]" name="sendMessage" duration-ms="44333" started-at="2017-06-15T14:44:37Z" finished-at="2017-06-15T14:45:22Z">
          <reporter-output>
          </reporter-output>
        </test-method> <!-- sendMessage -->
        <test-method status="PASS" signature="tearDown()[pri:0, instance:com.NateraDemo.scripts.SendMessage@204f30ec]" name="tearDown" is-config="true" duration-ms="1085" started-at="2017-06-15T14:45:22Z" finished-at="2017-06-15T14:45:23Z">
          <reporter-output>
          </reporter-output>
        </test-method> <!-- tearDown -->
      </class> <!-- com.NateraDemo.scripts.SendMessage -->
    </test> <!-- DemoTest -->
  </suite> <!-- DemoSuite -->
</testng-results>
