<?xml version="1.0" encoding="UTF-8"?>
<testng-results skipped="0" failed="0" total="1" passed="1">
  <reporter-output>
  </reporter-output>
  <suite name="Default suite" duration-ms="128761" started-at="2017-06-15T04:18:07Z" finished-at="2017-06-15T04:20:16Z">
    <groups>
    </groups>
    <test name="Default test" duration-ms="128761" started-at="2017-06-15T04:18:07Z" finished-at="2017-06-15T04:20:16Z">
      <class name="com.NateraDemo.scripts.Demo">
        <test-method status="PASS" signature="setUp()[pri:0, instance:com.NateraDemo.scripts.Demo@46d56d67]" name="setUp" is-config="true" duration-ms="80089" started-at="2017-06-15T09:48:07Z" finished-at="2017-06-15T09:49:27Z">
          <reporter-output>
          </reporter-output>
        </test-method> <!-- setUp -->
        <test-method status="PASS" signature="demo1()[pri:0, instance:com.NateraDemo.scripts.Demo@46d56d67]" name="demo1" duration-ms="47315" started-at="2017-06-15T09:49:27Z" finished-at="2017-06-15T09:50:14Z">
          <reporter-output>
          </reporter-output>
        </test-method> <!-- demo1 -->
        <test-method status="PASS" signature="tearDown()[pri:0, instance:com.NateraDemo.scripts.Demo@46d56d67]" name="tearDown" is-config="true" duration-ms="1329" started-at="2017-06-15T09:50:14Z" finished-at="2017-06-15T09:50:16Z">
          <reporter-output>
          </reporter-output>
        </test-method> <!-- tearDown -->
      </class> <!-- com.NateraDemo.scripts.Demo -->
    </test> <!-- Default test -->
  </suite> <!-- Default suite -->
</testng-results>
